<?xml version="1.0" encoding="UTF-8"?>
<!-- Generated by org.testng.reporters.JUnitXMLReporter -->
<testsuite hostname="PBLAP802" ignored="0" name="Default test" tests="6" failures="0" timestamp="30 Jan 2019 06:22:55 GMT" time="110.382" errors="0">
  <testcase name="blankmobiletest" time="4.087" classname="com.qa.testcases.TestCase1"/>
  <testcase name="blanknametest" time="3.118" classname="com.qa.testcases.TestCase1"/>
  <testcase name="invalidmobiletest" time="3.365" classname="com.qa.testcases.TestCase1"/>
  <testcase name="invalidmobiletest2" time="3.203" classname="com.qa.testcases.TestCase1"/>
  <testcase name="quotespage" time="25.068" classname="com.qa.testcases.TestCase1"/>
  <testcase name="spacenametest" time="3.232" classname="com.qa.testcases.TestCase1"/>
</testsuite> <!-- Default test -->
