<?xml version="1.0" encoding="UTF-8"?>
<!-- Generated by org.testng.reporters.JUnitXMLReporter -->
<testsuite hostname="PBLAP802" ignored="0" name="Default test" tests="5" failures="0" timestamp="05 Mar 2019 10:05:35 GMT" time="110.884" errors="0">
  <testcase name="blanknametest" time="2.701" classname="com.qa.testcases.TestCase1"/>
  <testcase name="blankmobiletest" time="2.277" classname="com.qa.testcases.TestCase1"/>
  <testcase name="invalidmobiletest" time="2.07" classname="com.qa.testcases.TestCase1"/>
  <testcase name="invalidmobiletest2" time="2.295" classname="com.qa.testcases.TestCase1"/>
  <testcase name="quotespage" time="26.077" classname="com.qa.testcases.TestCase1"/>
</testsuite> <!-- Default test -->
