<?xml version="1.0" encoding="UTF-8"?>
<testng-results skipped="0" failed="0" ignored="0" total="1" passed="1">
  <reporter-output>
  </reporter-output>
  <suite name="Suite" duration-ms="7849" started-at="2018-09-21T10:53:40Z" finished-at="2018-09-21T10:53:48Z">
    <groups>
    </groups>
    <test name="Test" duration-ms="7849" started-at="2018-09-21T10:53:40Z" finished-at="2018-09-21T10:53:48Z">
      <class name="com.qa.testcases.SampleTestCase">
        <test-method status="PASS" signature="setup()[pri:0, instance:com.qa.testcases.SampleTestCase@3c09711b]" name="setup" is-config="true" duration-ms="4974" started-at="2018-09-21T16:23:40Z" finished-at="2018-09-21T16:23:45Z">
          <reporter-output>
          </reporter-output>
        </test-method> <!-- setup -->
        <test-method status="PASS" signature="launch()[pri:0, instance:com.qa.testcases.SampleTestCase@3c09711b]" name="launch" duration-ms="3" started-at="2018-09-21T16:23:45Z" finished-at="2018-09-21T16:23:45Z">
          <reporter-output>
          </reporter-output>
        </test-method> <!-- launch -->
        <test-method status="PASS" signature="teardown()[pri:0, instance:com.qa.testcases.SampleTestCase@3c09711b]" name="teardown" is-config="true" duration-ms="2851" started-at="2018-09-21T16:23:45Z" finished-at="2018-09-21T16:23:48Z">
          <reporter-output>
          </reporter-output>
        </test-method> <!-- teardown -->
      </class> <!-- com.qa.testcases.SampleTestCase -->
    </test> <!-- Test -->
  </suite> <!-- Suite -->
</testng-results>
