<?xml version="1.0" encoding="UTF-8"?>
<testng-results skipped="0" failed="0" ignored="0" total="5" passed="5">
  <reporter-output>
  </reporter-output>
  <suite name="Default suite" duration-ms="110884" started-at="2019-03-05T10:03:44Z" finished-at="2019-03-05T10:05:35Z">
    <groups>
    </groups>
    <test name="Default test" duration-ms="110884" started-at="2019-03-05T10:03:44Z" finished-at="2019-03-05T10:05:35Z">
      <class name="com.qa.testcases.TestCase1">
        <test-method status="PASS" signature="reportsetup()[pri:0, instance:com.qa.testcases.TestCase1@31ef45e3]" name="reportsetup" is-config="true" duration-ms="269" started-at="2019-03-05T15:33:44Z" finished-at="2019-03-05T15:33:45Z">
          <reporter-output>
          </reporter-output>
        </test-method> <!-- reportsetup -->
        <test-method status="PASS" signature="setup()[pri:0, instance:com.qa.testcases.TestCase1@31ef45e3]" name="setup" is-config="true" duration-ms="15096" started-at="2019-03-05T15:33:45Z" finished-at="2019-03-05T15:34:00Z">
          <reporter-output>
          </reporter-output>
        </test-method> <!-- setup -->
        <test-method status="PASS" signature="blanknametest()[pri:1, instance:com.qa.testcases.TestCase1@31ef45e3]" name="blanknametest" duration-ms="2701" started-at="2019-03-05T15:34:00Z" finished-at="2019-03-05T15:34:02Z">
          <reporter-output>
          </reporter-output>
        </test-method> <!-- blanknametest -->
        <test-method status="PASS" signature="reportteardown(org.testng.ITestResult)[pri:0, instance:com.qa.testcases.TestCase1@31ef45e3]" name="reportteardown" is-config="true" duration-ms="266" started-at="2019-03-05T15:34:02Z" finished-at="2019-03-05T15:34:03Z">
          <params>
            <param index="0">
              <value>
                <![CDATA[[TestResult name=blanknametest status=SUCCESS method=TestCase1.blanknametest()[pri:1, instance:com.qa.testcases.TestCase1@31ef45e3] output={null}]]]>
              </value>
            </param>
          </params>
          <reporter-output>
          </reporter-output>
        </test-method> <!-- reportteardown -->
        <test-method status="PASS" signature="setup()[pri:0, instance:com.qa.testcases.TestCase1@31ef45e3]" name="setup" is-config="true" duration-ms="13906" started-at="2019-03-05T15:34:03Z" finished-at="2019-03-05T15:34:17Z">
          <reporter-output>
          </reporter-output>
        </test-method> <!-- setup -->
        <test-method status="PASS" signature="blankmobiletest()[pri:2, instance:com.qa.testcases.TestCase1@31ef45e3]" name="blankmobiletest" duration-ms="2277" started-at="2019-03-05T15:34:17Z" finished-at="2019-03-05T15:34:19Z">
          <reporter-output>
          </reporter-output>
        </test-method> <!-- blankmobiletest -->
        <test-method status="PASS" signature="reportteardown(org.testng.ITestResult)[pri:0, instance:com.qa.testcases.TestCase1@31ef45e3]" name="reportteardown" is-config="true" duration-ms="158" started-at="2019-03-05T15:34:19Z" finished-at="2019-03-05T15:34:19Z">
          <params>
            <param index="0">
              <value>
                <![CDATA[[TestResult name=blankmobiletest status=SUCCESS method=TestCase1.blankmobiletest()[pri:2, instance:com.qa.testcases.TestCase1@31ef45e3] output={null}]]]>
              </value>
            </param>
          </params>
          <reporter-output>
          </reporter-output>
        </test-method> <!-- reportteardown -->
        <test-method status="PASS" signature="setup()[pri:0, instance:com.qa.testcases.TestCase1@31ef45e3]" name="setup" is-config="true" duration-ms="13278" started-at="2019-03-05T15:34:19Z" finished-at="2019-03-05T15:34:32Z">
          <reporter-output>
          </reporter-output>
        </test-method> <!-- setup -->
        <test-method status="PASS" signature="invalidmobiletest()[pri:3, instance:com.qa.testcases.TestCase1@31ef45e3]" name="invalidmobiletest" duration-ms="2070" started-at="2019-03-05T15:34:32Z" finished-at="2019-03-05T15:34:34Z">
          <reporter-output>
          </reporter-output>
        </test-method> <!-- invalidmobiletest -->
        <test-method status="PASS" signature="reportteardown(org.testng.ITestResult)[pri:0, instance:com.qa.testcases.TestCase1@31ef45e3]" name="reportteardown" is-config="true" duration-ms="160" started-at="2019-03-05T15:34:34Z" finished-at="2019-03-05T15:34:34Z">
          <params>
            <param index="0">
              <value>
                <![CDATA[[TestResult name=invalidmobiletest status=SUCCESS method=TestCase1.invalidmobiletest()[pri:3, instance:com.qa.testcases.TestCase1@31ef45e3] output={null}]]]>
              </value>
            </param>
          </params>
          <reporter-output>
          </reporter-output>
        </test-method> <!-- reportteardown -->
        <test-method status="PASS" signature="setup()[pri:0, instance:com.qa.testcases.TestCase1@31ef45e3]" name="setup" is-config="true" duration-ms="14844" started-at="2019-03-05T15:34:34Z" finished-at="2019-03-05T15:34:49Z">
          <reporter-output>
          </reporter-output>
        </test-method> <!-- setup -->
        <test-method status="PASS" signature="invalidmobiletest2()[pri:4, instance:com.qa.testcases.TestCase1@31ef45e3]" name="invalidmobiletest2" duration-ms="2295" started-at="2019-03-05T15:34:49Z" finished-at="2019-03-05T15:34:52Z">
          <reporter-output>
          </reporter-output>
        </test-method> <!-- invalidmobiletest2 -->
        <test-method status="PASS" signature="reportteardown(org.testng.ITestResult)[pri:0, instance:com.qa.testcases.TestCase1@31ef45e3]" name="reportteardown" is-config="true" duration-ms="172" started-at="2019-03-05T15:34:52Z" finished-at="2019-03-05T15:34:52Z">
          <params>
            <param index="0">
              <value>
                <![CDATA[[TestResult name=invalidmobiletest2 status=SUCCESS method=TestCase1.invalidmobiletest2()[pri:4, instance:com.qa.testcases.TestCase1@31ef45e3] output={null}]]]>
              </value>
            </param>
          </params>
          <reporter-output>
          </reporter-output>
        </test-method> <!-- reportteardown -->
        <test-method status="PASS" signature="setup()[pri:0, instance:com.qa.testcases.TestCase1@31ef45e3]" name="setup" is-config="true" duration-ms="13701" started-at="2019-03-05T15:34:52Z" finished-at="2019-03-05T15:35:05Z">
          <reporter-output>
          </reporter-output>
        </test-method> <!-- setup -->
        <test-method status="PASS" signature="quotespage()[pri:5, instance:com.qa.testcases.TestCase1@31ef45e3]" name="quotespage" duration-ms="26077" started-at="2019-03-05T15:35:05Z" finished-at="2019-03-05T15:35:32Z">
          <reporter-output>
          </reporter-output>
        </test-method> <!-- quotespage -->
        <test-method status="PASS" signature="reportteardown(org.testng.ITestResult)[pri:0, instance:com.qa.testcases.TestCase1@31ef45e3]" name="reportteardown" is-config="true" duration-ms="2093" started-at="2019-03-05T15:35:32Z" finished-at="2019-03-05T15:35:34Z">
          <params>
            <param index="0">
              <value>
                <![CDATA[[TestResult name=quotespage status=SUCCESS method=TestCase1.quotespage()[pri:5, instance:com.qa.testcases.TestCase1@31ef45e3] output={null}]]]>
              </value>
            </param>
          </params>
          <reporter-output>
          </reporter-output>
        </test-method> <!-- reportteardown -->
        <test-method status="PASS" signature="teardown()[pri:0, instance:com.qa.testcases.TestCase1@31ef45e3]" name="teardown" is-config="true" duration-ms="1496" started-at="2019-03-05T15:35:34Z" finished-at="2019-03-05T15:35:35Z">
          <reporter-output>
          </reporter-output>
        </test-method> <!-- teardown -->
      </class> <!-- com.qa.testcases.TestCase1 -->
    </test> <!-- Default test -->
  </suite> <!-- Default suite -->
</testng-results>
