<?xml version="1.0" encoding="UTF-8"?>
<testng-results skipped="0" failed="0" ignored="0" total="1" passed="1">
  <reporter-output>
  </reporter-output>
  <suite name="Default suite" duration-ms="63470" started-at="2019-03-11T08:17:12Z" finished-at="2019-03-11T08:18:16Z">
    <groups>
    </groups>
    <test name="Default test" duration-ms="63470" started-at="2019-03-11T08:17:12Z" finished-at="2019-03-11T08:18:16Z">
      <class name="com.qa.testcases.TestCaseCampaignJourney">
        <test-method status="PASS" signature="reportsetup()[pri:0, instance:com.qa.testcases.TestCaseCampaignJourney@239963d8]" name="reportsetup" is-config="true" duration-ms="374" started-at="2019-03-11T13:47:12Z" finished-at="2019-03-11T13:47:13Z">
          <reporter-output>
          </reporter-output>
        </test-method> <!-- reportsetup -->
        <test-method status="PASS" signature="setup()[pri:0, instance:com.qa.testcases.TestCaseCampaignJourney@239963d8]" name="setup" is-config="true" duration-ms="26501" started-at="2019-03-11T13:47:13Z" finished-at="2019-03-11T13:47:39Z">
          <reporter-output>
          </reporter-output>
        </test-method> <!-- setup -->
        <test-method status="PASS" signature="quotespage()[pri:1, instance:com.qa.testcases.TestCaseCampaignJourney@239963d8]" name="quotespage" duration-ms="35280" started-at="2019-03-11T13:47:39Z" finished-at="2019-03-11T13:48:15Z">
          <reporter-output>
          </reporter-output>
        </test-method> <!-- quotespage -->
        <test-method status="PASS" signature="reportteardown(org.testng.ITestResult)[pri:0, instance:com.qa.testcases.TestCaseCampaignJourney@239963d8]" name="reportteardown" is-config="true" duration-ms="4" started-at="2019-03-11T13:48:15Z" finished-at="2019-03-11T13:48:15Z">
          <params>
            <param index="0">
              <value>
                <![CDATA[[TestResult name=quotespage status=SUCCESS method=TestCaseCampaignJourney.quotespage()[pri:1, instance:com.qa.testcases.TestCaseCampaignJourney@239963d8] output={null}]]]>
              </value>
            </param>
          </params>
          <reporter-output>
          </reporter-output>
        </test-method> <!-- reportteardown -->
        <test-method status="PASS" signature="teardown()[pri:0, instance:com.qa.testcases.TestCaseCampaignJourney@239963d8]" name="teardown" is-config="true" duration-ms="1292" started-at="2019-03-11T13:48:15Z" finished-at="2019-03-11T13:48:16Z">
          <reporter-output>
          </reporter-output>
        </test-method> <!-- teardown -->
      </class> <!-- com.qa.testcases.TestCaseCampaignJourney -->
    </test> <!-- Default test -->
  </suite> <!-- Default suite -->
</testng-results>
